<?xml version="1.0" encoding="UTF-8"?>
<!-- Generated by org.testng.reporters.JUnitReportReporter -->
<testsuite skipped="0" hostname="LAPTOP-8UU62UVE" name="appTest.NumberComparision" tests="1" failures="0" timestamp="13 Oct 2021 07:26:44 GMT" time="0.011" errors="0">
  <testcase name="intCamparision" time="0.011" classname="appTest.NumberComparision"/>
</testsuite> <!-- appTest.NumberComparision -->
