<?xml version="1.0" encoding="UTF-8"?>
<!-- Generated by org.testng.reporters.JUnitReportReporter -->
<testsuite skipped="0" hostname="LAPTOP-8UU62UVE" name="appTest.apptester" tests="2" failures="0" timestamp="13 Oct 2021 07:26:44 GMT" time="0.006" errors="0">
  <testcase name="loginTest" time="0.004" classname="appTest.apptester"/>
  <testcase name="loginTestWithInvalid" time="0.002" classname="appTest.apptester"/>
</testsuite> <!-- appTest.apptester -->
