<?xml version="1.0" encoding="UTF-8"?>
<!-- Generated by org.testng.reporters.JUnitReportReporter -->
<testsuite skipped="0" hostname="LAPTOP-8UU62UVE" name="appTest.SeleniumDev" tests="1" failures="0" timestamp="13 Oct 2021 09:41:34 GMT" time="4.553" errors="0">
  <testcase name="f" time="4.553" classname="appTest.SeleniumDev"/>
</testsuite> <!-- appTest.SeleniumDev -->
